<?xml version="1.0" encoding="UTF-8"?>
<testng-results ignored="0" total="8" passed="8" failed="0" skipped="0">
  <reporter-output>
  </reporter-output>
  <suite started-at="2022-05-26T09:20:59Z" name="Default suite" finished-at="2022-05-26T09:21:08Z" duration-ms="9188">
    <groups>
    </groups>
    <test started-at="2022-05-26T09:20:59Z" name="Default test" finished-at="2022-05-26T09:21:08Z" duration-ms="9188">
      <class name="apitesting.sampleproject.TestCases">
        <test-method is-config="true" signature="setSpecification()[pri:0, instance:apitesting.sampleproject.TestCases@20435c40]" started-at="2022-05-26T09:20:59Z" name="setSpecification" finished-at="2022-05-26T09:20:59Z" duration-ms="779" status="PASS">
          <reporter-output>
          </reporter-output>
        </test-method> <!-- setSpecification -->
        <test-method signature="testCreateUser()[pri:0, instance:apitesting.sampleproject.TestCases@20435c40]" started-at="2022-05-26T09:20:59Z" name="testCreateUser" finished-at="2022-05-26T09:21:01Z" duration-ms="1845" status="PASS">
          <reporter-output>
          </reporter-output>
        </test-method> <!-- testCreateUser -->
        <test-method signature="testDelayedResponse()[pri:0, instance:apitesting.sampleproject.TestCases@20435c40]" started-at="2022-05-26T09:21:01Z" name="testDelayedResponse" finished-at="2022-05-26T09:21:05Z" duration-ms="3593" status="PASS">
          <reporter-output>
          </reporter-output>
        </test-method> <!-- testDelayedResponse -->
        <test-method signature="testFetchSingleUser()[pri:0, instance:apitesting.sampleproject.TestCases@20435c40]" started-at="2022-05-26T09:21:05Z" name="testFetchSingleUser" finished-at="2022-05-26T09:21:05Z" duration-ms="429" status="PASS">
          <reporter-output>
          </reporter-output>
        </test-method> <!-- testFetchSingleUser -->
        <test-method signature="testFetchUser()[pri:0, instance:apitesting.sampleproject.TestCases@20435c40]" started-at="2022-05-26T09:21:05Z" name="testFetchUser" finished-at="2022-05-26T09:21:06Z" duration-ms="197" status="PASS">
          <reporter-output>
          </reporter-output>
        </test-method> <!-- testFetchUser -->
        <test-method signature="testLoginUnseccusfulUser()[pri:0, instance:apitesting.sampleproject.TestCases@20435c40]" started-at="2022-05-26T09:21:06Z" name="testLoginUnseccusfulUser" finished-at="2022-05-26T09:21:06Z" duration-ms="522" status="PASS">
          <reporter-output>
          </reporter-output>
        </test-method> <!-- testLoginUnseccusfulUser -->
        <test-method signature="testLoginUser()[pri:0, instance:apitesting.sampleproject.TestCases@20435c40]" started-at="2022-05-26T09:21:06Z" name="testLoginUser" finished-at="2022-05-26T09:21:07Z" duration-ms="516" status="PASS">
          <reporter-output>
          </reporter-output>
        </test-method> <!-- testLoginUser -->
        <test-method signature="testRegisterUser()[pri:0, instance:apitesting.sampleproject.TestCases@20435c40]" started-at="2022-05-26T09:21:07Z" name="testRegisterUser" finished-at="2022-05-26T09:21:07Z" duration-ms="608" status="PASS">
          <reporter-output>
          </reporter-output>
        </test-method> <!-- testRegisterUser -->
        <test-method signature="testUnsuccesfulRegisterUser()[pri:0, instance:apitesting.sampleproject.TestCases@20435c40]" started-at="2022-05-26T09:21:07Z" name="testUnsuccesfulRegisterUser" finished-at="2022-05-26T09:21:08Z" duration-ms="504" status="PASS">
          <reporter-output>
          </reporter-output>
        </test-method> <!-- testUnsuccesfulRegisterUser -->
        <test-method is-config="true" signature="closeReport()[pri:0, instance:apitesting.sampleproject.TestCases@20435c40]" started-at="2022-05-26T09:21:08Z" name="closeReport" finished-at="2022-05-26T09:21:08Z" duration-ms="171" status="PASS">
          <reporter-output>
          </reporter-output>
        </test-method> <!-- closeReport -->
      </class> <!-- apitesting.sampleproject.TestCases -->
    </test> <!-- Default test -->
  </suite> <!-- Default suite -->
</testng-results>
